<?xml version="1.0" encoding="UTF-8"?>
<!-- Generated by org.testng.reporters.JUnitReportReporter -->
<testsuite name="TESTING_TESTS.testRunner" tests="4" time="1.573" ignored="0" failures="0" timestamp="11 Aug 2019 15:44:50 GMT" skipped="0" hostname="del1-lhp-n65253" errors="0">
  <testcase name="verifyCategories" time="0.854" classname="TESTING_TESTS.testRunner"/>
  <testcase name="verifyProdsList" time="0.525" classname="TESTING_TESTS.testRunner"/>
  <testcase name="verifyNoOfProds" time="0.146" classname="TESTING_TESTS.testRunner"/>
  <testcase name="verifySearchProds" time="0.048" classname="TESTING_TESTS.testRunner"/>
</testsuite> <!-- TESTING_TESTS.testRunner -->
